<?xml version="1.0" encoding="UTF-8"?>
<!-- Generated by org.testng.reporters.JUnitReportReporter -->
<testsuite hostname="DESKTOP-8TSJ7B9" name="com.pawan.runner.Runner" tests="1" failures="0" timestamp="31 Oct 2021 13:29:53 GMT" time="0.023" errors="0">
  <testcase name="runner" time="0.023" classname="com.pawan.runner.Runner"/>
</testsuite> <!-- com.pawan.runner.Runner -->
